14:08:09.695 INFO [GridLauncherV3.parse] - Selenium server version: 3.141.59, revision: e82be7d358
14:08:09.732 INFO [GridLauncherV3.lambda$buildLaunchers$3] - Launching a standalone Selenium Server on port 4444
2025-05-07 14:08:09.758:INFO::main: Logging initialized @164ms to org.seleniumhq.jetty9.util.log.StdErrLog
14:08:09.862 INFO [WebDriverServlet.<init>] - Initialising WebDriverServlet
14:08:09.938 INFO [SeleniumServer.boot] - Selenium Server is up and running on port 4444
14:08:10.254 INFO [ActiveSessionFactory.apply] - Capabilities are: {
  "acceptSslCerts": true,
  "browserName": "chrome",
  "goog:chromeOptions": {
    "args": [
      "--allow-running-insecure-content",
      "--ignore-certificate-errors"
    ],
    "w3c": false
  },
  "javascriptEnabled": true,
  "name": "Medical Negotiations"
}
14:08:10.255 INFO [ActiveSessionFactory.lambda$apply$11] - Matched factory org.openqa.selenium.grid.session.remote.ServicedSession$Factory (provider: org.openqa.selenium.chrome.ChromeDriverService)
Starting ChromeDriver 135.0.7049.114 (63fd8a7d9d09e41ba37b84386c85d5f249f848f7-refs/branch-heads/7049@{#2175}) on port 24115
Only local connections are allowed.
Please see https://chromedriver.chromium.org/security-considerations for suggestions on keeping ChromeDriver safe.
ChromeDriver was started successfully on port 24115.
14:08:11.357 INFO [ProtocolHandshake.createSession] - Detected dialect: OSS
14:08:11.473 INFO [RemoteSession$Factory.lambda$performHandshake$0] - Started new session 29256786bee83631f0996ca49e925001 (org.openqa.selenium.chrome.ChromeDriverService)
14:08:30.306 INFO [ActiveSessions$1.onStop] - Removing session 29256786bee83631f0996ca49e925001 (org.openqa.selenium.chrome.ChromeDriverService)
